[2026-05-17 07:20:00] 开始每日文章归档...
From https://github.com/c8x1/c8x1.github.io
 * branch            master     -> FETCH_HEAD
Already up to date.
---

**[归档完成]**

日期: 2026-05-17
新增: 3 articles (2 翻译 + 1 寓言)
总计: 78 articles

**文章:**
1. **当我们把时间变成一条线，我们重新想象了过去与未来** (时间哲学, 2527词, 29段) — Emily Thomas / Aeon
2. **你知道意识是什么：你生活在灵魂之地** (心灵哲学, 4249词, 65段) — Nicholas Humphrey / Aeon
3. **从未替换任何东西的制琴师** (寓言故事, 736词, 10段) — AI Parable (忒修斯之船)

**文件:**
- articles.json ✓
- articles/2026-05-17-when-we-turned-time-into-a-line-we-reimagined-past-and-futur.html ✓
- articles/2026-05-17-you-know-what-consciousness-is-you-live-in-soul-land.html ✓
- articles/2026-05-17-the-luthier-who-never-replaced-anything.html ✓
- feed.xml ✓
- sitemap.xml ✓

**Git: 已提交** (commit `ad0b171`)，**推送失败** — gh CLI token 已过期，需重新认证：
```
gh auth login -h github.com
```
然后手动推送：
```
git push origin master
```
[2026-05-17 07:34:04] 归档完成
[2026-05-17 07:34:04] 检测到未推送的提交, 尝试 push...
fatal: could not read Username for 'https://github.com': Device not configured
[2026-05-17 07:34:05] git push 失败, 使用代理重试...
fatal: could not read Username for 'https://github.com': Device not configured
