[2026-05-18 07:20:00] 开始每日文章归档...
From https://github.com/c8x1/c8x1.github.io
 * branch            master     -> FETCH_HEAD
Current branch master is up to date.
## 归档完成报告

**日期:** 2026-05-18 | **新增:** 3 篇文章 (总计 81 篇)

| # | 文章 | 分类 | 段落 | 阅读时间 |
|---|------|------|------|----------|
| 1 | 日本「人间」伦理学：颠覆西方自我观 | 哲学 | 28 | 21 min |
| | 作者: Takeshi Morisato (Aeon) | | | |
| | 和辻哲郎如何以「间」的思想重构伦理学，批判西方个人主义主体观 | | | |
| 2 | 我们靠合作生存，但在无人注视时，我们竞争 | 社会学 | 38 | 21 min |
| | 作者: Max Bramwell (Aeon) | | | |
| | 合作与竞争在人类进化中的双重性，从克鲁泡特金到文化群体选择理论 | | | |
| 3 | 制造人的玻璃匠 | 寓言故事 | 11 | 5 min |
| | 他心问题 (problem of other minds) | | | |
| | 玻璃匠玛伦制造会动的玻璃人——当无法分辨玻璃人与真人的区别时，我们凭什么相信他人拥有意识？ | | | |

**构建:** 81 pages + feed.xml + sitemap.xml

**Git:** 已 commit (`92f614b`)，但 push 需要重新认证——请运行 `gh auth login` 或设置 SSH key 后手动 `git push`。
[2026-05-18 07:36:50] 归档完成
[2026-05-18 07:36:50] 检测到未推送的提交, 尝试 push...
fatal: could not read Username for 'https://github.com': Device not configured
[2026-05-18 07:36:51] git push 失败, 使用代理重试...
fatal: could not read Username for 'https://github.com': Device not configured
